    ----------------------------------------------------
	Your license will expire in 5 days.
	Please contact your system administrator or
	MathWorks to renew this license.
    ----------------------------------------------------

	Trial License -- for use to evaluate programs for possible purchase as an end-user only.

Binary Configuration:
Raw bits: 000000000100

Parsed Configuration:
Signal flags - f:0, a:0, s:0
Bypass flags - frac_dec:0, iir_24:0, iir_5:0, cic:0
CIC decf (binary 0  0  1  0  0) = 4
Generated signal - Freq: 100.00 kHz, Amp: 0.250, Shape: sine

Applying Fractional Decimator...
Applying IIR 2.4MHz Notch Filter...
Applying IIR 5MHz Notch Filter...
Applying CIC Filter with decimation factor 4...
Processing complete!
Binary outputs written for all stages:
  input.txt
  frac_decimator.txt
  iir_24mhz.txt
  iir_5mhz_1.txt
  iir_5mhz_2.txt
  cic.txt
  output.txt
